<?xml version="1.0" encoding="UTF-8"?>
<testng-results skipped="0" failed="0" ignored="0" total="2" passed="2">
  <reporter-output>
  </reporter-output>
  <suite name="Suite1" duration-ms="786" started-at="2019-02-03T10:00:52Z" finished-at="2019-02-03T10:00:53Z">
    <groups>
    </groups>
    <test name="App" duration-ms="786" started-at="2019-02-03T10:00:52Z" finished-at="2019-02-03T10:00:53Z">
      <class name="com.mycompany.app.App">
        <test-method status="PASS" signature="beforeMethod()[pri:0, instance:com.mycompany.app.App@f82f98]" name="beforeMethod" is-config="true" duration-ms="453" started-at="2019-02-03T15:30:52Z" finished-at="2019-02-03T15:30:53Z">
          <reporter-output>
          </reporter-output>
        </test-method> <!-- beforeMethod -->
        <test-method status="PASS" signature="print()[pri:1, instance:com.mycompany.app.App@f82f98]" name="print" duration-ms="61" started-at="2019-02-03T15:30:53Z" finished-at="2019-02-03T15:30:53Z">
          <reporter-output>
          </reporter-output>
        </test-method> <!-- print -->
        <test-method status="PASS" signature="afterMethod()[pri:0, instance:com.mycompany.app.App@f82f98]" name="afterMethod" is-config="true" duration-ms="1" started-at="2019-02-03T15:30:53Z" finished-at="2019-02-03T15:30:53Z">
          <reporter-output>
          </reporter-output>
        </test-method> <!-- afterMethod -->
        <test-method status="PASS" signature="beforeMethod()[pri:0, instance:com.mycompany.app.App@f82f98]" name="beforeMethod" is-config="true" duration-ms="178" started-at="2019-02-03T15:30:53Z" finished-at="2019-02-03T15:30:53Z">
          <reporter-output>
          </reporter-output>
        </test-method> <!-- beforeMethod -->
        <test-method status="PASS" signature="insert_Data()[pri:2, instance:com.mycompany.app.App@f82f98]" name="insert_Data" duration-ms="58" started-at="2019-02-03T15:30:53Z" finished-at="2019-02-03T15:30:53Z">
          <reporter-output>
          </reporter-output>
        </test-method> <!-- insert_Data -->
        <test-method status="PASS" signature="afterMethod()[pri:0, instance:com.mycompany.app.App@f82f98]" name="afterMethod" is-config="true" duration-ms="0" started-at="2019-02-03T15:30:53Z" finished-at="2019-02-03T15:30:53Z">
          <reporter-output>
          </reporter-output>
        </test-method> <!-- afterMethod -->
      </class> <!-- com.mycompany.app.App -->
    </test> <!-- App -->
  </suite> <!-- Suite1 -->
</testng-results>
