<?xml version="1.0" encoding="UTF-8"?>
<testng-results skipped="0" failed="0" ignored="0" total="2" passed="2">
  <reporter-output>
  </reporter-output>
  <suite name="Suite1" duration-ms="891" started-at="2019-01-26T17:45:40Z" finished-at="2019-01-26T17:45:41Z">
    <groups>
    </groups>
    <test name="App" duration-ms="891" started-at="2019-01-26T17:45:40Z" finished-at="2019-01-26T17:45:41Z">
      <class name="com.mycompany.app.App">
        <test-method status="PASS" signature="Read_Data()[pri:0, instance:com.mycompany.app.App@1f983a6]" name="Read_Data" duration-ms="847" started-at="2019-01-26T23:15:40Z" finished-at="2019-01-26T23:15:41Z">
          <reporter-output>
          </reporter-output>
        </test-method> <!-- Read_Data -->
        <test-method status="PASS" signature="Print_Data()[pri:1, instance:com.mycompany.app.App@1f983a6]" name="Print_Data" duration-ms="16" started-at="2019-01-26T23:15:41Z" finished-at="2019-01-26T23:15:41Z">
          <reporter-output>
          </reporter-output>
        </test-method> <!-- Print_Data -->
      </class> <!-- com.mycompany.app.App -->
    </test> <!-- App -->
  </suite> <!-- Suite1 -->
</testng-results>
